Build started 5/9/2016 1:22:32 PM.
     1>Project "C:\stasm4.1.0\vc10\minimal.vcxproj" on node 2 (Build target(s)).
     1>ClCompile:
         C:\Program Files (x86)\Microsoft Visual Studio 11.0\VC\bin\CL.exe /c /I"E:\UTD\Video Analytics\opencv\build\include" /IC:\opencv\build\include /I../stasm /ZI /nologo /W3 /WX- /Od /Oy- /D WIN32 /D _DEBUG /D _CONSOLE /D _UNICODE /D UNICODE /Gm /EHsc /RTC1 /MDd /GS /fp:precise /Zc:wchar_t /Zc:forScope /Fo"Debug\\" /Fd"Debug\vc110.pdb" /Gd /TP /analyze- /errorReport:prompt ..\apps\minimal.cpp
         minimal.cpp
     1>c:\stasm4.1.0\apps\minimal.cpp(189): warning C4244: 'argument' : conversion from 'double' to 'int', possible loss of data
       Link:
         C:\Program Files (x86)\Microsoft Visual Studio 11.0\VC\bin\link.exe /ERRORREPORT:PROMPT /OUT:"C:\stasm4.1.0\vc10\\minimal.exe" /INCREMENTAL /NOLOGO /LIBPATH:"E:\UTD\Video Analytics\opencv\build\x86\vc11\lib" /LIBPATH:C:\opencv\build\x64\vc12\lib opencv_calib3d2411d.lib opencv_contrib2411d.lib opencv_core2411d.lib opencv_features2d2411d.lib opencv_flann2411d.lib opencv_gpu2411d.lib opencv_highgui2411d.lib opencv_imgproc2411d.lib opencv_legacy2411d.lib opencv_ml2411d.lib opencv_nonfree2411d.lib opencv_objdetect2411d.lib opencv_ocl2411d.lib opencv_photo2411d.lib opencv_stitching2411d.lib opencv_superres2411d.lib opencv_ts2411d.lib opencv_video2411d.lib opencv_videostab2411d.lib /MANIFEST /MANIFESTUAC:"level='asInvoker' uiAccess='false'" /manifest:embed /DEBUG /PDB:"C:\stasm4.1.0\vc10\\minimal.pdb" /SUBSYSTEM:CONSOLE /TLBID:1 /DYNAMICBASE /NXCOMPAT /IMPLIB:"C:\stasm4.1.0\vc10\\minimal.lib" /MACHINE:X86 Debug\minimal.obj
         Debug\asm.obj
         Debug\classicdesc.obj
         Debug\convshape.obj
         Debug\err.obj
         Debug\eyedet.obj
         Debug\eyedist.obj
         Debug\faceroi.obj
         Debug\hat.obj
         Debug\hatdesc.obj
         Debug\landmarks.obj
         Debug\misc.obj
         Debug\facedet.obj
         Debug\initasm.obj
         Debug\pinstart.obj
         Debug\print.obj
         Debug\shape17.obj
         Debug\shapehacks.obj
         Debug\shapemod.obj
         Debug\startshape.obj
         Debug\stasm.obj
         Debug\stasm_lib.obj
         minimal.vcxproj -> C:\stasm4.1.0\vc10\\minimal.exe
     1>Done Building Project "C:\stasm4.1.0\vc10\minimal.vcxproj" (Build target(s)).

Build succeeded.

Time Elapsed 00:00:02.11
