C:\STASM4.1.0\VC10\DEBUG\MINIMAL.OBJ
C:\STASM4.1.0\VC10\DEBUG\CLASSICDESC.OBJ
C:\STASM4.1.0\VC10\DEBUG\CONVSHAPE.OBJ
C:\STASM4.1.0\VC10\DEBUG\ERR.OBJ
C:\STASM4.1.0\VC10\DEBUG\EYEDET.OBJ
C:\STASM4.1.0\VC10\DEBUG\EYEDIST.OBJ
C:\STASM4.1.0\VC10\DEBUG\FACEROI.OBJ
C:\STASM4.1.0\VC10\DEBUG\HAT.OBJ
C:\STASM4.1.0\VC10\DEBUG\HATDESC.OBJ
C:\STASM4.1.0\VC10\DEBUG\LANDMARKS.OBJ
C:\STASM4.1.0\VC10\DEBUG\MISC.OBJ
C:\STASM4.1.0\VC10\DEBUG\FACEDET.OBJ
C:\STASM4.1.0\VC10\DEBUG\INITASM.OBJ
C:\STASM4.1.0\VC10\DEBUG\PINSTART.OBJ
C:\STASM4.1.0\VC10\DEBUG\PRINT.OBJ
C:\STASM4.1.0\VC10\DEBUG\SHAPE17.OBJ
C:\STASM4.1.0\VC10\DEBUG\SHAPEHACKS.OBJ
C:\STASM4.1.0\VC10\DEBUG\SHAPEMOD.OBJ
C:\STASM4.1.0\VC10\DEBUG\STARTSHAPE.OBJ
C:\STASM4.1.0\VC10\DEBUG\STASM.OBJ
C:\STASM4.1.0\VC10\DEBUG\STASM_LIB.OBJ
C:\STASM4.1.0\VC10\DEBUG\ASM.OBJ
C:\STASM4.1.0\VC10\DEBUG\VC110.PDB
C:\STASM4.1.0\VC10\MINIMAL.ILK
C:\STASM4.1.0\VC10\MINIMAL.EXE
C:\STASM4.1.0\VC10\MINIMAL.PDB
C:\stasm4.1.0\vc10\Debug\asm.obj
C:\stasm4.1.0\vc10\Debug\classicdesc.obj
C:\stasm4.1.0\vc10\Debug\convshape.obj
C:\stasm4.1.0\vc10\Debug\err.obj
C:\stasm4.1.0\vc10\Debug\eyedet.obj
C:\stasm4.1.0\vc10\Debug\eyedist.obj
C:\stasm4.1.0\vc10\Debug\facedet.obj
C:\stasm4.1.0\vc10\Debug\faceroi.obj
C:\stasm4.1.0\vc10\Debug\hat.obj
C:\stasm4.1.0\vc10\Debug\hatdesc.obj
C:\stasm4.1.0\vc10\Debug\initasm.obj
C:\stasm4.1.0\vc10\Debug\landmarks.obj
C:\stasm4.1.0\vc10\Debug\minimal.obj
C:\stasm4.1.0\vc10\Debug\misc.obj
C:\stasm4.1.0\vc10\Debug\pinstart.obj
C:\stasm4.1.0\vc10\Debug\print.obj
C:\stasm4.1.0\vc10\Debug\shape17.obj
C:\stasm4.1.0\vc10\Debug\shapehacks.obj
C:\stasm4.1.0\vc10\Debug\shapemod.obj
C:\stasm4.1.0\vc10\Debug\startshape.obj
C:\stasm4.1.0\vc10\Debug\stasm.obj
C:\stasm4.1.0\vc10\Debug\stasm_lib.obj
C:\stasm4.1.0\vc10\Debug\cl.command.1.tlog
C:\stasm4.1.0\vc10\Debug\CL.read.1.tlog
C:\stasm4.1.0\vc10\Debug\CL.write.1.tlog
C:\stasm4.1.0\vc10\Debug\link-cvtres.read.1.tlog
C:\stasm4.1.0\vc10\Debug\link-cvtres.write.1.tlog
C:\stasm4.1.0\vc10\Debug\link-rc.read.1.tlog
C:\stasm4.1.0\vc10\Debug\link-rc.write.1.tlog
C:\stasm4.1.0\vc10\Debug\link.2148-cvtres.read.1.tlog
C:\stasm4.1.0\vc10\Debug\link.2148-cvtres.write.1.tlog
C:\stasm4.1.0\vc10\Debug\link.2148-rc.read.1.tlog
C:\stasm4.1.0\vc10\Debug\link.2148-rc.write.1.tlog
C:\stasm4.1.0\vc10\Debug\link.2148.read.1.tlog
C:\stasm4.1.0\vc10\Debug\link.2148.write.1.tlog
C:\stasm4.1.0\vc10\Debug\link.2352-cvtres.read.1.tlog
C:\stasm4.1.0\vc10\Debug\link.2352-cvtres.write.1.tlog
C:\stasm4.1.0\vc10\Debug\link.2352-rc.read.1.tlog
C:\stasm4.1.0\vc10\Debug\link.2352-rc.write.1.tlog
C:\stasm4.1.0\vc10\Debug\link.2352.read.1.tlog
C:\stasm4.1.0\vc10\Debug\link.2352.write.1.tlog
C:\stasm4.1.0\vc10\Debug\link.2876-cvtres.read.1.tlog
C:\stasm4.1.0\vc10\Debug\link.2876-cvtres.write.1.tlog
C:\stasm4.1.0\vc10\Debug\link.2876-rc.read.1.tlog
C:\stasm4.1.0\vc10\Debug\link.2876-rc.write.1.tlog
C:\stasm4.1.0\vc10\Debug\link.2876.read.1.tlog
C:\stasm4.1.0\vc10\Debug\link.2876.write.1.tlog
C:\stasm4.1.0\vc10\Debug\link.2936-cvtres.read.1.tlog
C:\stasm4.1.0\vc10\Debug\link.2936-cvtres.write.1.tlog
C:\stasm4.1.0\vc10\Debug\link.2936-rc.read.1.tlog
C:\stasm4.1.0\vc10\Debug\link.2936-rc.write.1.tlog
C:\stasm4.1.0\vc10\Debug\link.2936.read.1.tlog
C:\stasm4.1.0\vc10\Debug\link.2936.write.1.tlog
C:\stasm4.1.0\vc10\Debug\link.3388-cvtres.read.1.tlog
C:\stasm4.1.0\vc10\Debug\link.3388-cvtres.write.1.tlog
C:\stasm4.1.0\vc10\Debug\link.3388-rc.read.1.tlog
C:\stasm4.1.0\vc10\Debug\link.3388-rc.write.1.tlog
C:\stasm4.1.0\vc10\Debug\link.3388.read.1.tlog
C:\stasm4.1.0\vc10\Debug\link.3388.write.1.tlog
C:\stasm4.1.0\vc10\Debug\link.3772-cvtres.read.1.tlog
C:\stasm4.1.0\vc10\Debug\link.3772-cvtres.write.1.tlog
C:\stasm4.1.0\vc10\Debug\link.3772-rc.read.1.tlog
C:\stasm4.1.0\vc10\Debug\link.3772-rc.write.1.tlog
C:\stasm4.1.0\vc10\Debug\link.3772.read.1.tlog
C:\stasm4.1.0\vc10\Debug\link.3772.write.1.tlog
C:\stasm4.1.0\vc10\Debug\link.4476-cvtres.read.1.tlog
C:\stasm4.1.0\vc10\Debug\link.4476-cvtres.write.1.tlog
C:\stasm4.1.0\vc10\Debug\link.4476-rc.read.1.tlog
C:\stasm4.1.0\vc10\Debug\link.4476-rc.write.1.tlog
C:\stasm4.1.0\vc10\Debug\link.4476.read.1.tlog
C:\stasm4.1.0\vc10\Debug\link.4476.write.1.tlog
C:\stasm4.1.0\vc10\Debug\link.4904-cvtres.read.1.tlog
C:\stasm4.1.0\vc10\Debug\link.4904-cvtres.write.1.tlog
C:\stasm4.1.0\vc10\Debug\link.4904-rc.read.1.tlog
C:\stasm4.1.0\vc10\Debug\link.4904-rc.write.1.tlog
C:\stasm4.1.0\vc10\Debug\link.4904.read.1.tlog
C:\stasm4.1.0\vc10\Debug\link.4904.write.1.tlog
C:\stasm4.1.0\vc10\Debug\link.6000-cvtres.read.1.tlog
C:\stasm4.1.0\vc10\Debug\link.6000-cvtres.write.1.tlog
C:\stasm4.1.0\vc10\Debug\link.6000-rc.read.1.tlog
C:\stasm4.1.0\vc10\Debug\link.6000-rc.write.1.tlog
C:\stasm4.1.0\vc10\Debug\link.6000.read.1.tlog
C:\stasm4.1.0\vc10\Debug\link.6000.write.1.tlog
C:\stasm4.1.0\vc10\Debug\link.7660-cvtres.read.1.tlog
C:\stasm4.1.0\vc10\Debug\link.7660-cvtres.write.1.tlog
C:\stasm4.1.0\vc10\Debug\link.7660-rc.read.1.tlog
C:\stasm4.1.0\vc10\Debug\link.7660-rc.write.1.tlog
C:\stasm4.1.0\vc10\Debug\link.7660.read.1.tlog
C:\stasm4.1.0\vc10\Debug\link.7660.write.1.tlog
C:\stasm4.1.0\vc10\Debug\link.8124-cvtres.read.1.tlog
C:\stasm4.1.0\vc10\Debug\link.8124-cvtres.write.1.tlog
C:\stasm4.1.0\vc10\Debug\link.8124-rc.read.1.tlog
C:\stasm4.1.0\vc10\Debug\link.8124-rc.write.1.tlog
C:\stasm4.1.0\vc10\Debug\link.8124.read.1.tlog
C:\stasm4.1.0\vc10\Debug\link.8124.write.1.tlog
C:\stasm4.1.0\vc10\Debug\link.8128-cvtres.read.1.tlog
C:\stasm4.1.0\vc10\Debug\link.8128-cvtres.write.1.tlog
C:\stasm4.1.0\vc10\Debug\link.8128-rc.read.1.tlog
C:\stasm4.1.0\vc10\Debug\link.8128-rc.write.1.tlog
C:\stasm4.1.0\vc10\Debug\link.8128.read.1.tlog
C:\stasm4.1.0\vc10\Debug\link.8128.write.1.tlog
C:\stasm4.1.0\vc10\Debug\link.8276-cvtres.read.1.tlog
C:\stasm4.1.0\vc10\Debug\link.8276-cvtres.write.1.tlog
C:\stasm4.1.0\vc10\Debug\link.8276-rc.read.1.tlog
C:\stasm4.1.0\vc10\Debug\link.8276-rc.write.1.tlog
C:\stasm4.1.0\vc10\Debug\link.8276.read.1.tlog
C:\stasm4.1.0\vc10\Debug\link.8276.write.1.tlog
C:\stasm4.1.0\vc10\Debug\link.9452-cvtres.read.1.tlog
C:\stasm4.1.0\vc10\Debug\link.9452-cvtres.write.1.tlog
C:\stasm4.1.0\vc10\Debug\link.9452-rc.read.1.tlog
C:\stasm4.1.0\vc10\Debug\link.9452-rc.write.1.tlog
C:\stasm4.1.0\vc10\Debug\link.9452.read.1.tlog
C:\stasm4.1.0\vc10\Debug\link.9452.write.1.tlog
C:\stasm4.1.0\vc10\Debug\link.command.1.tlog
C:\stasm4.1.0\vc10\Debug\link.read.1.tlog
C:\stasm4.1.0\vc10\Debug\link.write.1.tlog
C:\stasm4.1.0\vc10\Debug\vc110.idb
C:\stasm4.1.0\vc10\Debug\vc110.pdb
C:\stasm4.1.0\vc10\\minimal.pdb
C:\stasm4.1.0\vc10\\minimal.exe
C:\stasm4.1.0\vc10\\minimal.ilk
